app/src/main/res/drawable/Downloads/mm/--master/app/build/outputs/logs/manifest-merger-debug-report.txt
-- Merging decision tree log ---
manifest
ADDED from src\main\AndroidManifest.xml:2:1-691:12
INJECTED from src\main\AndroidManifest.xml:2:1-691:12
INJECTED from src\main\AndroidManifest.xml:2:1-691:12
INJECTED from src\main\AndroidManifest.xml:2:1-691:12
MERGED from [androidx.appcompat:appcompat:1.1.0] AndroidManifest.xml:17:1-24:12
MERGED from [androidx.constraintlayout:constraintlayout:1.1.3] AndroidManifest.xml:2:1-11:12
MERGED from [androidx.fragment:fragment:1.1.0] AndroidManifest.xml:17:1-24:12
MERGED from [androidx.appcompat:appcompat-resources:1.1.0] AndroidManifest.xml:17:1-24:12
MERGED from [androidx.drawerlayout:drawerlayout:1.0.0] AndroidManifest.xml:17:1-22:12
MERGED from [androidx.viewpager:viewpager:1.0.0] AndroidManifest.xml:17:1-22:12
MERGED from [androidx.loader:loader:1.0.0] AndroidManifest.xml:17:1-22:12
MERGED from [androidx.activity:activity:1.0.0] AndroidManifest.xml:17:1-24:12
MERGED from [androidx.vectordrawable:vectordrawable-animated:1.1.0] AndroidManifest.xml:17:1-24:12
MERGED from [androidx.vectordrawable:vectordrawable:1.1.0] AndroidManifest.xml:17:1-24:12
MERGED from [androidx.customview:customview:1.0.0] AndroidManifest.xml:17:1-22:12
MERGED from [androidx.core:core:1.1.0] AndroidManifest.xml:17:1-26:12
MERGED from [androidx.cursoradapter:cursoradapter:1.0.0] AndroidManifest.xml:17:1-22:12
MERGED from [androidx.versionedparcelable:versionedparcelable:1.1.0] AndroidManifest.xml:17:1-27:12
MERGED from [androidx.lifecycle:lifecycle-runtime:2.1.0] AndroidManifest.xml:17:1-22:12
MERGED from [androidx.lifecycle:lifecycle-viewmodel:2.1.0] AndroidManifest.xml:17:1-22:12
MERGED from [androidx.savedstate:savedstate:1.0.0] AndroidManifest.xml:17:1-24:12
MERGED from [androidx.interpolator:interpolator:1.0.0] AndroidManifest.xml:17:1-22:12
MERGED from [androidx.lifecycle:lifecycle-livedata:2.0.0] AndroidManifest.xml:17:1-22:12
MERGED from [androidx.lifecycle:lifecycle-livedata-core:2.0.0] AndroidManifest.xml:17:1-22:12
MERGED from [androidx.arch.core:core-runtime:2.0.0] AndroidManifest.xml:17:1-22:12
INJECTED from src\main\AndroidManifest.xml:2:1-691:12
INJECTED from src\main\AndroidManifest.xml:2:1-691:12
INJECTED from src\main\AndroidManifest.xml:2:1-691:12
	package
		ADDED from src\main\AndroidManifest.xml:3:5-40
		INJECTED from src\main\AndroidManifest.xml
		INJECTED from src\main\AndroidManifest.xml
	android:versionName
		INJECTED from src\main\AndroidManifest.xml
		ADDED from src\main\AndroidManifest.xml:2:1-691:12
		INJECTED from src\main\AndroidManifest.xml
	android:versionCode
		INJECTED from src\main\AndroidManifest.xml
		ADDED from src\main\AndroidManifest.xml:2:1-691:12
		INJECTED from src\main\AndroidManifest.xml
	xmlns:android
		ADDED from src\main\AndroidManifest.xml:2:11-69
application
ADDED from src\main\AndroidManifest.xml:5:5-689:19
MERGED from [androidx.constraintlayout:constraintlayout:1.1.3] AndroidManifest.xml:9:5-20
MERGED from [androidx.constraintlayout:constraintlayout:1.1.3] AndroidManifest.xml:9:5-20
MERGED from [androidx.core:core:1.1.0] AndroidManifest.xml:24:5-89
MERGED from [androidx.core:core:1.1.0] AndroidManifest.xml:24:5-89
MERGED from [androidx.versionedparcelable:versionedparcelable:1.1.0] AndroidManifest.xml:24:5-25:19
MERGED from [androidx.versionedparcelable:versionedparcelable:1.1.0] AndroidManifest.xml:24:5-25:19
	android:appComponentFactory
		ADDED from [androidx.core:core:1.1.0] AndroidManifest.xml:24:18-86
	android:supportsRtl
		ADDED from src\main\AndroidManifest.xml:10:9-35
	android:label
		ADDED from src\main\AndroidManifest.xml:8:9-41
	android:roundIcon
		ADDED from src\main\AndroidManifest.xml:9:9-48
	android:icon
		ADDED from src\main\AndroidManifest.xml:7:9-43
	android:allowBackup
		ADDED from src\main\AndroidManifest.xml:6:9-35
	android:theme
		ADDED from src\main\AndroidManifest.xml:11:9-40
activity#com.example.azkarelmoslem.important
ADDED from src\main\AndroidManifest.xml:12:9-14:81
	android:screenOrientation
		ADDED from src\main\AndroidManifest.xml:13:13-49
	android:theme
		ADDED from src\main\AndroidManifest.xml:14:13-69
	android:name
		ADDED from src\main\AndroidManifest.xml:12:19-44
activity#com.example.azkarelmoslem.ContactNew
ADDED from src\main\AndroidManifest.xml:15:9-17:71
	android:screenOrientation
		ADDED from src\main\AndroidManifest.xml:16:13-49
	android:theme
		ADDED from src\main\AndroidManifest.xml:17:13-69
	android:name
		ADDED from src\main\AndroidManifest.xml:15:19-45
activity#com.example.azkarelmoslem.study8
ADDED from src\main\AndroidManifest.xml:18:9-21:71
	android:screenOrientation
		ADDED from src\main\AndroidManifest.xml:20:13-49
	android:theme
		ADDED from src\main\AndroidManifest.xml:21:13-69
	android:name
		ADDED from src\main\AndroidManifest.xml:19:13-35
activity#com.example.azkarelmoslem.study7
ADDED from src\main\AndroidManifest.xml:22:9-25:71
	android:screenOrientation
		ADDED from src\main\AndroidManifest.xml:24:13-49
	android:theme
		ADDED from src\main\AndroidManifest.xml:25:13-69
	android:name
		ADDED from src\main\AndroidManifest.xml:23:13-35
activity#com.example.azkarelmoslem.study6
ADDED from src\main\AndroidManifest.xml:26:9-29:71
	android:screenOrientation
		ADDED from src\main\AndroidManifest.xml:28:13-49
	android:theme
		ADDED from src\main\AndroidManifest.xml:29:13-69
	android:name
		ADDED from src\main\AndroidManifest.xml:27:13-35
activity#com.example.azkarelmoslem.study5
ADDED from src\main\AndroidManifest.xml:30:9-33:71
	android:screenOrientation
		ADDED from src\main\AndroidManifest.xml:32:13-49
	android:theme
		ADDED from src\main\AndroidManifest.xml:33:13-69
	android:name
		ADDED from src\main\AndroidManifest.xml:31:13-35
activity#com.example.azkarelmoslem.study4_10
ADDED from src\main\AndroidManifest.xml:34:9-37:71
	android:screenOrientation
		ADDED from src\main\AndroidManifest.xml:36:13-49
	android:theme
		ADDED from src\main\AndroidManifest.xml:37:13-69
	android:name
		ADDED from src\main\AndroidManifest.xml:35:13-38
activity#com.example.azkarelmoslem.study3
ADDED from src\main\AndroidManifest.xml:38:9-41:71
	android:screenOrientation
		ADDED from src\main\AndroidManifest.xml:40:13-49
	android:theme
		ADDED from src\main\AndroidManifest.xml:41:13-69
	android:name
		ADDED from src\main\AndroidManifest.xml:39:13-35
activity#com.example.azkarelmoslem.study2_10
ADDED from src\main\AndroidManifest.xml:42:9-45:71
	android:screenOrientation
		ADDED from src\main\AndroidManifest.xml:44:13-49
	android:theme
		ADDED from src\main\AndroidManifest.xml:45:13-69
	android:name
		ADDED from src\main\AndroidManifest.xml:43:13-38
activity#com.example.azkarelmoslem.study1_10
ADDED from src\main\AndroidManifest.xml:46:9-49:71
	android:screenOrientation
		ADDED from src\main\AndroidManifest.xml:48:13-49
	android:theme
		ADDED from src\main\AndroidManifest.xml:49:13-69
	android:name
		ADDED from src\main\AndroidManifest.xml:47:13-38
activity#com.example.azkarelmoslem.study
ADDED from src\main\AndroidManifest.xml:50:9-53:71
	android:screenOrientation
		ADDED from src\main\AndroidManifest.xml:52:13-49
	android:theme
		ADDED from src\main\AndroidManifest.xml:53:13-69
	android:name
		ADDED from src\main\AndroidManifest.xml:51:13-34
activity#com.example.azkarelmoslem.werd4_9
ADDED from src\main\AndroidManifest.xml:54:9-57:71
	android:screenOrientation
		ADDED from src\main\AndroidManifest.xml:56:13-49
	android:theme
		ADDED from src\main\AndroidManifest.xml:57:13-69
	android:name
		ADDED from src\main\AndroidManifest.xml:55:13-36
activity#com.example.azkarelmoslem.werd3_9
ADDED from src\main\AndroidManifest.xml:58:9-61:71
	android:screenOrientation
		ADDED from src\main\AndroidManifest.xml:60:13-49
	android:theme
		ADDED from src\main\AndroidManifest.xml:61:13-69
	android:name
		ADDED from src\main\AndroidManifest.xml:59:13-36
activity#com.example.azkarelmoslem.werd2_9
ADDED from src\main\AndroidManifest.xml:62:9-65:71
	android:screenOrientation
		ADDED from src\main\AndroidManifest.xml:64:13-49
	android:theme
		ADDED from src\main\AndroidManifest.xml:65:13-69
	android:name
		ADDED from src\main\AndroidManifest.xml:63:13-36
activity#com.example.azkarelmoslem.werd1_9
ADDED from src\main\AndroidManifest.xml:66:9-69:71
	android:screenOrientation
		ADDED from src\main\AndroidManifest.xml:68:13-49
	android:theme
		ADDED from src\main\AndroidManifest.xml:69:13-69
	android:name
		ADDED from src\main\AndroidManifest.xml:67:13-36
activity#com.example.azkarelmoslem.raga11_8
ADDED from src\main\AndroidManifest.xml:70:9-73:71
	android:screenOrientation
		ADDED from src\main\AndroidManifest.xml:72:13-49
	android:theme
		ADDED from src\main\AndroidManifest.xml:73:13-69
	android:name
		ADDED from src\main\AndroidManifest.xml:71:13-37
activity#com.example.azkarelmoslem.nazl10_8
ADDED from src\main\AndroidManifest.xml:74:9-77:71
	android:screenOrientation
		ADDED from src\main\AndroidManifest.xml:76:13-49
	android:theme
		ADDED from src\main\AndroidManifest.xml:77:13-69
	android:name
		ADDED from src\main\AndroidManifest.xml:75:13-37
activity#com.example.azkarelmoslem.mos9_8
ADDED from src\main\AndroidManifest.xml:78:9-81:71
	android:screenOrientation
		ADDED from src\main\AndroidManifest.xml:80:13-49
	android:theme
		ADDED from src\main\AndroidManifest.xml:81:13-69
	android:name
		ADDED from src\main\AndroidManifest.xml:79:13-35
activity#com.example.azkarelmoslem.tak8_8
ADDED from src\main\AndroidManifest.xml:82:9-85:71
	android:screenOrientation
		ADDED from src\main\AndroidManifest.xml:84:13-49
	android:theme
		ADDED from src\main\AndroidManifest.xml:85:13-69
	android:name
		ADDED from src\main\AndroidManifest.xml:83:13-35
activity#com.example.azkarelmoslem.moq7_8
ADDED from src\main\AndroidManifest.xml:86:9-89:71
	android:screenOrientation
		ADDED from src\main\AndroidManifest.xml:88:13-49
	android:theme
		ADDED from src\main\AndroidManifest.xml:89:13-69
	android:name
		ADDED from src\main\AndroidManifest.xml:87:13-35
activity#com.example.azkarelmoslem.mosafer6_8
ADDED from src\main\AndroidManifest.xml:90:9-93:71
	android:screenOrientation
		ADDED from src\main\AndroidManifest.xml:92:13-49
	android:theme
		ADDED from src\main\AndroidManifest.xml:93:13-69
	android:name
		ADDED from src\main\AndroidManifest.xml:91:13-39
activity#com.example.azkarelmoslem.mark5_8
ADDED from src\main\AndroidManifest.xml:94:9-97:71
	android:screenOrientation
		ADDED from src\main\AndroidManifest.xml:96:13-49
	android:theme
		ADDED from src\main\AndroidManifest.xml:97:13-69
	android:name
		ADDED from src\main\AndroidManifest.xml:95:13-36
activity#com.example.azkarelmoslem.souq4_8
ADDED from src\main\AndroidManifest.xml:98:9-101:71
	android:screenOrientation
		ADDED from src\main\AndroidManifest.xml:100:13-49
	android:theme
		ADDED from src\main\AndroidManifest.xml:101:13-69
	android:name
		ADDED from src\main\AndroidManifest.xml:99:13-36
activity#com.example.azkarelmoslem.bald3_8
ADDED from src\main\AndroidManifest.xml:102:9-105:71
	android:screenOrientation
		ADDED from src\main\AndroidManifest.xml:104:13-49
	android:theme
		ADDED from src\main\AndroidManifest.xml:105:13-69
	android:name
		ADDED from src\main\AndroidManifest.xml:103:13-36
activity#com.example.azkarelmoslem.saf2_8_Text
ADDED from src\main\AndroidManifest.xml:106:9-109:71
	android:screenOrientation
		ADDED from src\main\AndroidManifest.xml:108:13-49
	android:theme
		ADDED from src\main\AndroidManifest.xml:109:13-69
	android:name
		ADDED from src\main\AndroidManifest.xml:107:13-40
activity#com.example.azkarelmoslem.rakb1_8
ADDED from src\main\AndroidManifest.xml:110:9-113:71
	android:screenOrientation
		ADDED from src\main\AndroidManifest.xml:112:13-49
	android:theme
		ADDED from src\main\AndroidManifest.xml:113:13-69
	android:name
		ADDED from src\main\AndroidManifest.xml:111:13-36
activity#com.example.azkarelmoslem.sana20_7
ADDED from src\main\AndroidManifest.xml:114:9-117:71
	android:screenOrientation
		ADDED from src\main\AndroidManifest.xml:116:13-49
	android:theme
		ADDED from src\main\AndroidManifest.xml:117:13-69
	android:name
		ADDED from src\main\AndroidManifest.xml:115:13-37
activity#com.example.azkarelmoslem.gafara19_7
ADDED from src\main\AndroidManifest.xml:118:9-121:71
	android:screenOrientation
		ADDED from src\main\AndroidManifest.xml:120:13-49
	android:theme
		ADDED from src\main\AndroidManifest.xml:121:13-69
	android:name
		ADDED from src\main\AndroidManifest.xml:119:13-39
activity#com.example.azkarelmoslem.kfara18_7
ADDED from src\main\AndroidManifest.xml:122:9-125:71
	android:screenOrientation
		ADDED from src\main\AndroidManifest.xml:124:13-49
	android:theme
		ADDED from src\main\AndroidManifest.xml:125:13-69
	android:name
		ADDED from src\main\AndroidManifest.xml:123:13-38
activity#com.example.azkarelmoslem.magles17_7
ADDED from src\main\AndroidManifest.xml:126:9-129:71
	android:screenOrientation
		ADDED from src\main\AndroidManifest.xml:128:13-49
	android:theme
		ADDED from src\main\AndroidManifest.xml:129:13-69
	android:name
		ADDED from src\main\AndroidManifest.xml:127:13-39
activity#com.example.azkarelmoslem.mobtala16_7
ADDED from src\main\AndroidManifest.xml:130:9-133:71
	android:screenOrientation
		ADDED from src\main\AndroidManifest.xml:132:13-49
	android:theme
		ADDED from src\main\AndroidManifest.xml:133:13-69
	android:name
		ADDED from src\main\AndroidManifest.xml:131:13-40
activity#com.example.azkarelmoslem.kadab15_7
ADDED from src\main\AndroidManifest.xml:134:9-137:71
	android:screenOrientation
		ADDED from src\main\AndroidManifest.xml:136:13-49
	android:theme
		ADDED from src\main\AndroidManifest.xml:137:13-69
	android:name
		ADDED from src\main\AndroidManifest.xml:135:13-38
activity#com.example.azkarelmoslem.motzaweg14_7
ADDED from src\main\AndroidManifest.xml:138:9-141:71
	android:screenOrientation
		ADDED from src\main\AndroidManifest.xml:140:13-49
	android:theme
		ADDED from src\main\AndroidManifest.xml:141:13-69
	android:name
		ADDED from src\main\AndroidManifest.xml:139:13-41
activity#com.example.azkarelmoslem.kafer13_7
ADDED from src\main\AndroidManifest.xml:142:9-145:71
	android:screenOrientation
		ADDED from src\main\AndroidManifest.xml:144:13-49
	android:theme
		ADDED from src\main\AndroidManifest.xml:145:13-69
	android:name
		ADDED from src\main\AndroidManifest.xml:143:13-38
activity#com.example.azkarelmoslem.ats12_7
ADDED from src\main\AndroidManifest.xml:146:9-149:71
	android:screenOrientation
		ADDED from src\main\AndroidManifest.xml:148:13-49
	android:theme
		ADDED from src\main\AndroidManifest.xml:149:13-69
	android:name
		ADDED from src\main\AndroidManifest.xml:147:13-36
activity#com.example.azkarelmoslem.sam11_7
ADDED from src\main\AndroidManifest.xml:150:9-153:71
	android:screenOrientation
		ADDED from src\main\AndroidManifest.xml:152:13-49
	android:theme
		ADDED from src\main\AndroidManifest.xml:153:13-69
	android:name
		ADDED from src\main\AndroidManifest.xml:151:13-36
activity#com.example.azkarelmoslem.mawlod10_7
ADDED from src\main\AndroidManifest.xml:154:9-157:71
	android:screenOrientation
		ADDED from src\main\AndroidManifest.xml:156:13-49
	android:theme
		ADDED from src\main\AndroidManifest.xml:157:13-69
	android:name
		ADDED from src\main\AndroidManifest.xml:155:13-39
activity#com.example.azkarelmoslem.habak9_7
ADDED from src\main\AndroidManifest.xml:158:9-161:71
	android:screenOrientation
		ADDED from src\main\AndroidManifest.xml:160:13-49
	android:theme
		ADDED from src\main\AndroidManifest.xml:161:13-69
	android:name
		ADDED from src\main\AndroidManifest.xml:159:13-37
activity#com.example.azkarelmoslem.malah8_7
ADDED from src\main\AndroidManifest.xml:162:9-165:71
	android:screenOrientation
		ADDED from src\main\AndroidManifest.xml:164:13-49
	android:theme
		ADDED from src\main\AndroidManifest.xml:165:13-69
	android:name
		ADDED from src\main\AndroidManifest.xml:163:13-37
activity#com.example.azkarelmoslem.kada7_7
ADDED from src\main\AndroidManifest.xml:166:9-169:71
	android:screenOrientation
		ADDED from src\main\AndroidManifest.xml:168:13-49
	android:theme
		ADDED from src\main\AndroidManifest.xml:169:13-69
	android:name
		ADDED from src\main\AndroidManifest.xml:167:13-36
activity#com.example.azkarelmoslem.barak6_7
ADDED from src\main\AndroidManifest.xml:170:9-173:71
	android:screenOrientation
		ADDED from src\main\AndroidManifest.xml:172:13-49
	android:theme
		ADDED from src\main\AndroidManifest.xml:173:13-69
	android:name
		ADDED from src\main\AndroidManifest.xml:171:13-37
activity#com.example.azkarelmoslem.kafer5_7
ADDED from src\main\AndroidManifest.xml:174:9-177:71
	android:screenOrientation
		ADDED from src\main\AndroidManifest.xml:176:13-49
	android:theme
		ADDED from src\main\AndroidManifest.xml:177:13-69
	android:name
		ADDED from src\main\AndroidManifest.xml:175:13-37
activity#com.example.azkarelmoslem.salam4_7
ADDED from src\main\AndroidManifest.xml:178:9-181:71
	android:screenOrientation
		ADDED from src\main\AndroidManifest.xml:180:13-49
	android:theme
		ADDED from src\main\AndroidManifest.xml:181:13-69
	android:name
		ADDED from src\main\AndroidManifest.xml:179:13-37
activity#com.example.azkarelmoslem.sab3_7
ADDED from src\main\AndroidManifest.xml:182:9-185:71
	android:screenOrientation
		ADDED from src\main\AndroidManifest.xml:184:13-49
	android:theme
		ADDED from src\main\AndroidManifest.xml:185:13-69
	android:name
		ADDED from src\main\AndroidManifest.xml:183:13-35
activity#com.example.azkarelmoslem.madh2_7
ADDED from src\main\AndroidManifest.xml:186:9-189:71
	android:screenOrientation
		ADDED from src\main\AndroidManifest.xml:188:13-49
	android:theme
		ADDED from src\main\AndroidManifest.xml:189:13-69
	android:name
		ADDED from src\main\AndroidManifest.xml:187:13-36
activity#com.example.azkarelmoslem.eza1_7
ADDED from src\main\AndroidManifest.xml:190:9-193:71
	android:screenOrientation
		ADDED from src\main\AndroidManifest.xml:192:13-49
	android:theme
		ADDED from src\main\AndroidManifest.xml:193:13-69
	android:name
		ADDED from src\main\AndroidManifest.xml:191:13-35
activity#com.example.azkarelmoslem.dafn13_6
ADDED from src\main\AndroidManifest.xml:194:9-197:71
	android:screenOrientation
		ADDED from src\main\AndroidManifest.xml:196:13-49
	android:theme
		ADDED from src\main\AndroidManifest.xml:197:13-69
	android:name
		ADDED from src\main\AndroidManifest.xml:195:13-37
activity#com.example.azkarelmoslem.edkal12_6
ADDED from src\main\AndroidManifest.xml:198:9-201:71
	android:screenOrientation
		ADDED from src\main\AndroidManifest.xml:200:13-49
	android:theme
		ADDED from src\main\AndroidManifest.xml:201:13-69
	android:name
		ADDED from src\main\AndroidManifest.xml:199:13-38
activity#com.example.azkarelmoslem.tazya11_6
ADDED from src\main\AndroidManifest.xml:202:9-205:71
	android:screenOrientation
		ADDED from src\main\AndroidManifest.xml:204:13-49
	android:theme
		ADDED from src\main\AndroidManifest.xml:205:13-69
	android:name
		ADDED from src\main\AndroidManifest.xml:203:13-38
activity#com.example.azkarelmoslem.fart10_6
ADDED from src\main\AndroidManifest.xml:206:9-209:71
	android:screenOrientation
		ADDED from src\main\AndroidManifest.xml:208:13-49
	android:theme
		ADDED from src\main\AndroidManifest.xml:209:13-69
	android:name
		ADDED from src\main\AndroidManifest.xml:207:13-37
activity#com.example.azkarelmoslem.asna9_6
ADDED from src\main\AndroidManifest.xml:210:9-213:71
	android:screenOrientation
		ADDED from src\main\AndroidManifest.xml:212:13-49
	android:theme
		ADDED from src\main\AndroidManifest.xml:213:13-69
	android:name
		ADDED from src\main\AndroidManifest.xml:211:13-36
activity#com.example.azkarelmoslem.egmad8_6
ADDED from src\main\AndroidManifest.xml:214:9-217:71
	android:screenOrientation
		ADDED from src\main\AndroidManifest.xml:216:13-49
	android:theme
		ADDED from src\main\AndroidManifest.xml:217:13-69
	android:name
		ADDED from src\main\AndroidManifest.xml:215:13-37
activity#com.example.azkarelmoslem.talken7_6
ADDED from src\main\AndroidManifest.xml:218:9-221:71
	android:screenOrientation
		ADDED from src\main\AndroidManifest.xml:220:13-49
	android:theme
		ADDED from src\main\AndroidManifest.xml:221:13-69
	android:name
		ADDED from src\main\AndroidManifest.xml:219:13-38
activity#com.example.azkarelmoslem.yaes6_6
ADDED from src\main\AndroidManifest.xml:222:9-225:71
	android:screenOrientation
		ADDED from src\main\AndroidManifest.xml:224:13-49
	android:theme
		ADDED from src\main\AndroidManifest.xml:225:13-69
	android:name
		ADDED from src\main\AndroidManifest.xml:223:13-36
activity#com.example.azkarelmoslem.zmaryd5_6
ADDED from src\main\AndroidManifest.xml:226:9-229:71
	android:screenOrientation
		ADDED from src\main\AndroidManifest.xml:228:13-49
	android:theme
		ADDED from src\main\AndroidManifest.xml:229:13-69
	android:name
		ADDED from src\main\AndroidManifest.xml:227:13-38
activity#com.example.azkarelmoslem.maryd4_6
ADDED from src\main\AndroidManifest.xml:230:9-233:71
	android:screenOrientation
		ADDED from src\main\AndroidManifest.xml:232:13-49
	android:theme
		ADDED from src\main\AndroidManifest.xml:233:13-69
	android:name
		ADDED from src\main\AndroidManifest.xml:231:13-37
activity#com.example.azkarelmoslem.yaoz3_6
ADDED from src\main\AndroidManifest.xml:234:9-237:71
	android:screenOrientation
		ADDED from src\main\AndroidManifest.xml:236:13-49
	android:theme
		ADDED from src\main\AndroidManifest.xml:237:13-69
	android:name
		ADDED from src\main\AndroidManifest.xml:235:13-36
activity#com.example.azkarelmoslem.zyara2_6
ADDED from src\main\AndroidManifest.xml:238:9-241:71
	android:screenOrientation
		ADDED from src\main\AndroidManifest.xml:240:13-49
	android:theme
		ADDED from src\main\AndroidManifest.xml:241:13-69
	android:name
		ADDED from src\main\AndroidManifest.xml:239:13-37
activity#com.example.azkarelmoslem.alam1_6
ADDED from src\main\AndroidManifest.xml:242:9-245:71
	android:screenOrientation
		ADDED from src\main\AndroidManifest.xml:244:13-49
	android:theme
		ADDED from src\main\AndroidManifest.xml:245:13-69
	android:name
		ADDED from src\main\AndroidManifest.xml:243:13-36
activity#com.example.azkarelmoslem.ham15_5
ADDED from src\main\AndroidManifest.xml:246:9-249:71
	android:screenOrientation
		ADDED from src\main\AndroidManifest.xml:248:13-49
	android:theme
		ADDED from src\main\AndroidManifest.xml:249:13-69
	android:name
		ADDED from src\main\AndroidManifest.xml:247:13-36
activity#com.example.azkarelmoslem.karb14_5
ADDED from src\main\AndroidManifest.xml:250:9-253:71
	android:screenOrientation
		ADDED from src\main\AndroidManifest.xml:252:13-49
	android:theme
		ADDED from src\main\AndroidManifest.xml:253:13-69
	android:name
		ADDED from src\main\AndroidManifest.xml:251:13-37
activity#com.example.azkarelmoslem.soltan13_5
ADDED from src\main\AndroidManifest.xml:254:9-257:71
	android:screenOrientation
		ADDED from src\main\AndroidManifest.xml:256:13-49
	android:theme
		ADDED from src\main\AndroidManifest.xml:257:13-69
	android:name
		ADDED from src\main\AndroidManifest.xml:255:13-39
activity#com.example.azkarelmoslem.zolm12_5
ADDED from src\main\AndroidManifest.xml:258:9-261:71
	android:screenOrientation
		ADDED from src\main\AndroidManifest.xml:260:13-49
	android:theme
		ADDED from src\main\AndroidManifest.xml:261:13-69
	android:name
		ADDED from src\main\AndroidManifest.xml:259:13-37
activity#com.example.azkarelmoslem.adw11_5
ADDED from src\main\AndroidManifest.xml:262:9-265:71
	android:screenOrientation
		ADDED from src\main\AndroidManifest.xml:264:13-49
	android:theme
		ADDED from src\main\AndroidManifest.xml:265:13-69
	android:name
		ADDED from src\main\AndroidManifest.xml:263:13-36
activity#com.example.azkarelmoslem.kaf10_5
ADDED from src\main\AndroidManifest.xml:266:9-269:71
	android:screenOrientation
		ADDED from src\main\AndroidManifest.xml:268:13-49
	android:theme
		ADDED from src\main\AndroidManifest.xml:269:13-69
	android:name
		ADDED from src\main\AndroidManifest.xml:267:13-36
activity#com.example.azkarelmoslem.kar9_5
ADDED from src\main\AndroidManifest.xml:270:9-273:71
	android:screenOrientation
		ADDED from src\main\AndroidManifest.xml:272:13-49
	android:theme
		ADDED from src\main\AndroidManifest.xml:273:13-69
	android:name
		ADDED from src\main\AndroidManifest.xml:271:13-35
activity#com.example.azkarelmoslem.sar8_5
ADDED from src\main\AndroidManifest.xml:274:9-277:71
	android:screenOrientation
		ADDED from src\main\AndroidManifest.xml:276:13-49
	android:theme
		ADDED from src\main\AndroidManifest.xml:277:13-69
	android:name
		ADDED from src\main\AndroidManifest.xml:275:13-35
activity#com.example.azkarelmoslem.yosr7_5
ADDED from src\main\AndroidManifest.xml:278:9-281:71
	android:screenOrientation
		ADDED from src\main\AndroidManifest.xml:280:13-49
	android:theme
		ADDED from src\main\AndroidManifest.xml:281:13-69
	android:name
		ADDED from src\main\AndroidManifest.xml:279:13-36
activity#com.example.azkarelmoslem.endfazah6_5
ADDED from src\main\AndroidManifest.xml:282:9-285:71
	android:screenOrientation
		ADDED from src\main\AndroidManifest.xml:284:13-49
	android:theme
		ADDED from src\main\AndroidManifest.xml:285:13-69
	android:name
		ADDED from src\main\AndroidManifest.xml:283:13-40
activity#com.example.azkarelmoslem.tyar5_5
ADDED from src\main\AndroidManifest.xml:286:9-289:71
	android:screenOrientation
		ADDED from src\main\AndroidManifest.xml:288:13-49
	android:theme
		ADDED from src\main\AndroidManifest.xml:289:13-69
	android:name
		ADDED from src\main\AndroidManifest.xml:287:13-36
activity#com.example.azkarelmoslem.sherk4_5
ADDED from src\main\AndroidManifest.xml:290:9-293:71
	android:screenOrientation
		ADDED from src\main\AndroidManifest.xml:292:13-49
	android:theme
		ADDED from src\main\AndroidManifest.xml:293:13-69
	android:name
		ADDED from src\main\AndroidManifest.xml:291:13-37
activity#com.example.azkarelmoslem.wes3_5
ADDED from src\main\AndroidManifest.xml:294:9-297:71
	android:screenOrientation
		ADDED from src\main\AndroidManifest.xml:296:13-49
	android:theme
		ADDED from src\main\AndroidManifest.xml:297:13-69
	android:name
		ADDED from src\main\AndroidManifest.xml:295:13-35
activity#com.example.azkarelmoslem.mosyba2_5
ADDED from src\main\AndroidManifest.xml:298:9-301:71
	android:screenOrientation
		ADDED from src\main\AndroidManifest.xml:300:13-49
	android:theme
		ADDED from src\main\AndroidManifest.xml:301:13-69
	android:name
		ADDED from src\main\AndroidManifest.xml:299:13-38
activity#com.example.azkarelmoslem.kadal1_5
ADDED from src\main\AndroidManifest.xml:302:9-305:71
	android:screenOrientation
		ADDED from src\main\AndroidManifest.xml:304:13-49
	android:theme
		ADDED from src\main\AndroidManifest.xml:305:13-69
	android:name
		ADDED from src\main\AndroidManifest.xml:303:13-37
activity#com.example.azkarelmoslem.hogg
ADDED from src\main\AndroidManifest.xml:306:9-309:71
	android:screenOrientation
		ADDED from src\main\AndroidManifest.xml:308:13-49
	android:theme
		ADDED from src\main\AndroidManifest.xml:309:13-69
	android:name
		ADDED from src\main\AndroidManifest.xml:307:13-33
activity#com.example.azkarelmoslem.zabh8_4
ADDED from src\main\AndroidManifest.xml:310:9-313:71
	android:screenOrientation
		ADDED from src\main\AndroidManifest.xml:312:13-49
	android:theme
		ADDED from src\main\AndroidManifest.xml:313:13-69
	android:name
		ADDED from src\main\AndroidManifest.xml:311:13-36
activity#com.example.azkarelmoslem.ramy7_4
ADDED from src\main\AndroidManifest.xml:314:9-317:71
	android:screenOrientation
		ADDED from src\main\AndroidManifest.xml:316:13-49
	android:theme
		ADDED from src\main\AndroidManifest.xml:317:13-69
	android:name
		ADDED from src\main\AndroidManifest.xml:315:13-36
activity#com.example.azkarelmoslem.mashar6_4
ADDED from src\main\AndroidManifest.xml:318:9-321:71
	android:screenOrientation
		ADDED from src\main\AndroidManifest.xml:320:13-49
	android:theme
		ADDED from src\main\AndroidManifest.xml:321:13-69
	android:name
		ADDED from src\main\AndroidManifest.xml:319:13-38
activity#com.example.azkarelmoslem.arafa5_4
ADDED from src\main\AndroidManifest.xml:322:9-325:71
	android:screenOrientation
		ADDED from src\main\AndroidManifest.xml:324:13-49
	android:theme
		ADDED from src\main\AndroidManifest.xml:325:13-69
	android:name
		ADDED from src\main\AndroidManifest.xml:323:13-37
activity#com.example.azkarelmoslem.wakoof4_4
ADDED from src\main\AndroidManifest.xml:326:9-329:71
	android:screenOrientation
		ADDED from src\main\AndroidManifest.xml:328:13-49
	android:theme
		ADDED from src\main\AndroidManifest.xml:329:13-69
	android:name
		ADDED from src\main\AndroidManifest.xml:327:13-38
activity#com.example.azkarelmoslem.rokn3_4
ADDED from src\main\AndroidManifest.xml:330:9-333:71
	android:screenOrientation
		ADDED from src\main\AndroidManifest.xml:332:13-49
	android:theme
		ADDED from src\main\AndroidManifest.xml:333:13-69
	android:name
		ADDED from src\main\AndroidManifest.xml:331:13-36
activity#com.example.azkarelmoslem.takbeer2_4
ADDED from src\main\AndroidManifest.xml:334:9-337:71
	android:screenOrientation
		ADDED from src\main\AndroidManifest.xml:336:13-49
	android:theme
		ADDED from src\main\AndroidManifest.xml:337:13-69
	android:name
		ADDED from src\main\AndroidManifest.xml:335:13-39
activity#com.example.azkarelmoslem.kayf1_4
ADDED from src\main\AndroidManifest.xml:338:9-341:71
	android:screenOrientation
		ADDED from src\main\AndroidManifest.xml:340:13-49
	android:theme
		ADDED from src\main\AndroidManifest.xml:341:13-69
	android:name
		ADDED from src\main\AndroidManifest.xml:339:13-36
activity#com.example.azkarelmoslem.lamyaftor7_3
ADDED from src\main\AndroidManifest.xml:342:9-345:71
	android:screenOrientation
		ADDED from src\main\AndroidManifest.xml:344:13-49
	android:theme
		ADDED from src\main\AndroidManifest.xml:345:13-69
	android:name
		ADDED from src\main\AndroidManifest.xml:343:13-41
activity#com.example.azkarelmoslem.endahl6_3
ADDED from src\main\AndroidManifest.xml:346:9-349:71
	android:screenOrientation
		ADDED from src\main\AndroidManifest.xml:348:13-49
	android:theme
		ADDED from src\main\AndroidManifest.xml:349:13-69
	android:name
		ADDED from src\main\AndroidManifest.xml:347:13-38